D, [2016-08-27T18:39:01.189746 #28610] DEBUG -- :   [1m[35m (0.9ms)[0m  [1m[35mCREATE TABLE "schema_migrations" ("version" varchar NOT NULL PRIMARY KEY)[0m
D, [2016-08-27T18:39:01.192855 #28610] DEBUG -- :   [1m[35m (0.8ms)[0m  [1m[35mCREATE TABLE "ar_internal_metadata" ("key" varchar NOT NULL PRIMARY KEY, "value" varchar, "created_at" datetime NOT NULL, "updated_at" datetime NOT NULL)[0m
D, [2016-08-27T18:39:01.207000 #28610] DEBUG -- :   [1m[36mActiveRecord::SchemaMigration Load (0.1ms)[0m  [1m[34mSELECT "schema_migrations".* FROM "schema_migrations"[0m
I, [2016-08-27T18:39:01.210494 #28610]  INFO -- : Migrating to CreateUsers (20160804063355)
D, [2016-08-27T18:39:01.212551 #28610] DEBUG -- :   [1m[35m (0.1ms)[0m  [1m[36mbegin transaction[0m
D, [2016-08-27T18:39:01.214041 #28610] DEBUG -- :   [1m[35m (0.4ms)[0m  [1m[35mCREATE TABLE "users" ("id" INTEGER PRIMARY KEY AUTOINCREMENT NOT NULL, "firstname" varchar, "lastname" varchar, "altername1" varchar, "altername2" varchar, "altername3" varchar, "timeofbirthhour" integer, "timeofbirthmin" integer, "date" integer, "month" integer, "year" integer, "birthdate" varchar, "age" integer, "moonyear" varchar, "phone" varchar, "lineid" varchar, "email" varchar, "username" varchar, "password" varchar, "memberid" varchar, "created_at" datetime NOT NULL, "updated_at" datetime NOT NULL)[0m
D, [2016-08-27T18:39:01.218734 #28610] DEBUG -- :   [1m[35mSQL (0.2ms)[0m  [1m[32mINSERT INTO "schema_migrations" ("version") VALUES (?)[0m  [["version", "20160804063355"]]
D, [2016-08-27T18:39:01.219702 #28610] DEBUG -- :   [1m[35m (0.7ms)[0m  [1m[36mcommit transaction[0m
I, [2016-08-27T18:39:01.219770 #28610]  INFO -- : Migrating to RemovePasswordFromUserspassword (20160804063945)
D, [2016-08-27T18:39:01.220590 #28610] DEBUG -- :   [1m[35m (0.1ms)[0m  [1m[36mbegin transaction[0m
D, [2016-08-27T18:39:01.222943 #28610] DEBUG -- :   [1m[35m (0.4ms)[0m  [1m[35mCREATE TEMPORARY TABLE "ausers" ("id" INTEGER PRIMARY KEY AUTOINCREMENT NOT NULL, "firstname" varchar, "lastname" varchar, "altername1" varchar, "altername2" varchar, "altername3" varchar, "timeofbirthhour" integer, "timeofbirthmin" integer, "date" integer, "month" integer, "year" integer, "birthdate" varchar, "age" integer, "moonyear" varchar, "phone" varchar, "lineid" varchar, "email" varchar, "username" varchar, "password" varchar, "memberid" varchar, "created_at" datetime NOT NULL, "updated_at" datetime NOT NULL)[0m
D, [2016-08-27T18:39:01.224031 #28610] DEBUG -- :   [1m[35m (0.3ms)[0m  [1m[32mINSERT INTO "ausers" ("id","firstname","lastname","altername1","altername2","altername3","timeofbirthhour","timeofbirthmin","date","month","year","birthdate","age","moonyear","phone","lineid","email","username","password","memberid","created_at","updated_at")
                     SELECT "id","firstname","lastname","altername1","altername2","altername3","timeofbirthhour","timeofbirthmin","date","month","year","birthdate","age","moonyear","phone","lineid","email","username","password","memberid","created_at","updated_at" FROM "users"[0m
D, [2016-08-27T18:39:01.224868 #28610] DEBUG -- :   [1m[35m (0.7ms)[0m  [1m[35mDROP TABLE "users"[0m
D, [2016-08-27T18:39:01.226209 #28610] DEBUG -- :   [1m[35m (0.1ms)[0m  [1m[35mCREATE TABLE "users" ("id" INTEGER PRIMARY KEY AUTOINCREMENT NOT NULL, "firstname" varchar, "lastname" varchar, "altername1" varchar, "altername2" varchar, "altername3" varchar, "timeofbirthhour" integer, "timeofbirthmin" integer, "date" integer, "month" integer, "year" integer, "birthdate" varchar, "age" integer, "moonyear" varchar, "phone" varchar, "lineid" varchar, "email" varchar, "username" varchar, "memberid" varchar, "created_at" datetime NOT NULL, "updated_at" datetime NOT NULL)[0m
D, [2016-08-27T18:39:01.226933 #28610] DEBUG -- :   [1m[35m (0.1ms)[0m  [1m[32mINSERT INTO "users" ("id","firstname","lastname","altername1","altername2","altername3","timeofbirthhour","timeofbirthmin","date","month","year","birthdate","age","moonyear","phone","lineid","email","username","memberid","created_at","updated_at")
                     SELECT "id","firstname","lastname","altername1","altername2","altername3","timeofbirthhour","timeofbirthmin","date","month","year","birthdate","age","moonyear","phone","lineid","email","username","memberid","created_at","updated_at" FROM "ausers"[0m
D, [2016-08-27T18:39:01.227129 #28610] DEBUG -- :   [1m[35m (0.1ms)[0m  [1m[35mDROP TABLE "ausers"[0m
D, [2016-08-27T18:39:01.227881 #28610] DEBUG -- :   [1m[35mSQL (0.1ms)[0m  [1m[32mINSERT INTO "schema_migrations" ("version") VALUES (?)[0m  [["version", "20160804063945"]]
D, [2016-08-27T18:39:01.228736 #28610] DEBUG -- :   [1m[35m (0.7ms)[0m  [1m[36mcommit transaction[0m
I, [2016-08-27T18:39:01.228784 #28610]  INFO -- : Migrating to AddPasswordDigestToUsers (20160804064453)
D, [2016-08-27T18:39:01.229297 #28610] DEBUG -- :   [1m[35m (0.0ms)[0m  [1m[36mbegin transaction[0m
D, [2016-08-27T18:39:01.230079 #28610] DEBUG -- :   [1m[35m (0.6ms)[0m  [1m[35mALTER TABLE "users" ADD "password_digest" varchar[0m
D, [2016-08-27T18:39:01.230653 #28610] DEBUG -- :   [1m[35mSQL (0.1ms)[0m  [1m[32mINSERT INTO "schema_migrations" ("version") VALUES (?)[0m  [["version", "20160804064453"]]
D, [2016-08-27T18:39:01.231266 #28610] DEBUG -- :   [1m[35m (0.5ms)[0m  [1m[36mcommit transaction[0m
I, [2016-08-27T18:39:01.231311 #28610]  INFO -- : Migrating to AddAdminToUsers (20160819075009)
D, [2016-08-27T18:39:01.231881 #28610] DEBUG -- :   [1m[35m (0.0ms)[0m  [1m[36mbegin transaction[0m
D, [2016-08-27T18:39:01.232471 #28610] DEBUG -- :   [1m[35m (0.3ms)[0m  [1m[35mALTER TABLE "users" ADD "admin" boolean DEFAULT 'f'[0m
D, [2016-08-27T18:39:01.233023 #28610] DEBUG -- :   [1m[35mSQL (0.1ms)[0m  [1m[32mINSERT INTO "schema_migrations" ("version") VALUES (?)[0m  [["version", "20160819075009"]]
D, [2016-08-27T18:39:01.233587 #28610] DEBUG -- :   [1m[35m (0.5ms)[0m  [1m[36mcommit transaction[0m
I, [2016-08-27T18:39:01.233629 #28610]  INFO -- : Migrating to RemoveMemberidFromUsers (20160820051130)
D, [2016-08-27T18:39:01.234171 #28610] DEBUG -- :   [1m[35m (0.0ms)[0m  [1m[36mbegin transaction[0m
D, [2016-08-27T18:39:01.235671 #28610] DEBUG -- :   [1m[35m (0.2ms)[0m  [1m[35mCREATE TEMPORARY TABLE "ausers" ("id" INTEGER PRIMARY KEY AUTOINCREMENT NOT NULL, "firstname" varchar, "lastname" varchar, "altername1" varchar, "altername2" varchar, "altername3" varchar, "timeofbirthhour" integer, "timeofbirthmin" integer, "date" integer, "month" integer, "year" integer, "birthdate" varchar, "age" integer, "moonyear" varchar, "phone" varchar, "lineid" varchar, "email" varchar, "username" varchar, "memberid" varchar, "created_at" datetime NOT NULL, "updated_at" datetime NOT NULL, "password_digest" varchar, "admin" boolean DEFAULT 'f')[0m
D, [2016-08-27T18:39:01.236469 #28610] DEBUG -- :   [1m[35m (0.1ms)[0m  [1m[32mINSERT INTO "ausers" ("id","firstname","lastname","altername1","altername2","altername3","timeofbirthhour","timeofbirthmin","date","month","year","birthdate","age","moonyear","phone","lineid","email","username","memberid","created_at","updated_at","password_digest","admin")
                     SELECT "id","firstname","lastname","altername1","altername2","altername3","timeofbirthhour","timeofbirthmin","date","month","year","birthdate","age","moonyear","phone","lineid","email","username","memberid","created_at","updated_at","password_digest","admin" FROM "users"[0m
D, [2016-08-27T18:39:01.236763 #28610] DEBUG -- :   [1m[35m (0.2ms)[0m  [1m[35mDROP TABLE "users"[0m
D, [2016-08-27T18:39:01.238150 #28610] DEBUG -- :   [1m[35m (0.1ms)[0m  [1m[35mCREATE TABLE "users" ("id" INTEGER PRIMARY KEY AUTOINCREMENT NOT NULL, "firstname" varchar, "lastname" varchar, "altername1" varchar, "altername2" varchar, "altername3" varchar, "timeofbirthhour" integer, "timeofbirthmin" integer, "date" integer, "month" integer, "year" integer, "birthdate" varchar, "age" integer, "moonyear" varchar, "phone" varchar, "lineid" varchar, "email" varchar, "username" varchar, "created_at" datetime NOT NULL, "updated_at" datetime NOT NULL, "password_digest" varchar, "admin" boolean DEFAULT 'f')[0m
D, [2016-08-27T18:39:01.239208 #28610] DEBUG -- :   [1m[35m (0.3ms)[0m  [1m[32mINSERT INTO "users" ("id","firstname","lastname","altername1","altername2","altername3","timeofbirthhour","timeofbirthmin","date","month","year","birthdate","age","moonyear","phone","lineid","email","username","created_at","updated_at","password_digest","admin")
                     SELECT "id","firstname","lastname","altername1","altername2","altername3","timeofbirthhour","timeofbirthmin","date","month","year","birthdate","age","moonyear","phone","lineid","email","username","created_at","updated_at","password_digest","admin" FROM "ausers"[0m
D, [2016-08-27T18:39:01.245174 #28610] DEBUG -- :   [1m[35m (5.8ms)[0m  [1m[35mDROP TABLE "ausers"[0m
D, [2016-08-27T18:39:01.246060 #28610] DEBUG -- :   [1m[35mSQL (0.1ms)[0m  [1m[32mINSERT INTO "schema_migrations" ("version") VALUES (?)[0m  [["version", "20160820051130"]]
D, [2016-08-27T18:39:01.247787 #28610] DEBUG -- :   [1m[35m (1.5ms)[0m  [1m[36mcommit transaction[0m
D, [2016-08-27T18:39:01.249946 #28610] DEBUG -- :   [1m[36mActiveRecord::InternalMetadata Load (0.1ms)[0m  [1m[34mSELECT  "ar_internal_metadata".* FROM "ar_internal_metadata" WHERE "ar_internal_metadata"."key" = ? LIMIT ?[0m  [["key", :environment], ["LIMIT", 1]]
D, [2016-08-27T18:39:01.253714 #28610] DEBUG -- :   [1m[35m (0.1ms)[0m  [1m[36mbegin transaction[0m
D, [2016-08-27T18:39:01.254725 #28610] DEBUG -- :   [1m[35mSQL (0.2ms)[0m  [1m[32mINSERT INTO "ar_internal_metadata" ("key", "value", "created_at", "updated_at") VALUES (?, ?, ?, ?)[0m  [["key", "environment"], ["value", "production"], ["created_at", 2016-08-27 11:39:01 UTC], ["updated_at", 2016-08-27 11:39:01 UTC]]
D, [2016-08-27T18:39:01.255353 #28610] DEBUG -- :   [1m[35m (0.5ms)[0m  [1m[36mcommit transaction[0m
